{
  "stats": {
    "suites": 1,
    "tests": 4,
    "passes": 4,
    "pending": 0,
    "failures": 0,
    "start": "2022-10-14T09:33:45.841Z",
    "end": "2022-10-14T09:33:55.980Z",
    "duration": 10139,
    "testsRegistered": 4,
    "passPercent": 100,
    "pendingPercent": 0,
    "other": 0,
    "hasOther": false,
    "skipped": 0,
    "hasSkipped": false
  },
  "results": [
    {
      "uuid": "e2b465e9-b8cd-434a-8e0e-e5fb8bf19327",
      "title": "",
      "fullFile": "cypress\\e2e\\webdriver-uni\\features\\login.feature",
      "file": "cypress\\e2e\\webdriver-uni\\features\\login.feature",
      "beforeHooks": [],
      "afterHooks": [],
      "tests": [],
      "suites": [
        {
          "uuid": "97ea637b-670c-4d46-b2fb-fe641f4f304d",
          "title": "WebdriverUniversity Login Page",
          "fullFile": "",
          "file": "",
          "beforeHooks": [],
          "afterHooks": [],
          "tests": [
            {
              "title": "Login using valid credentials",
              "fullTitle": "WebdriverUniversity Login Page Login using valid credentials",
              "timedOut": null,
              "duration": 3986,
              "state": "passed",
              "speed": "fast",
              "pass": true,
              "fail": false,
              "pending": false,
              "context": null,
              "code": "const state = window.testState;\nreturn cy\n  .then(() => state.onStartScenario(scenario, indexedSteps))\n  .then(() =>\n    resolveAndRunBeforeHooks.call(this, scenario.tags, state.feature.name)\n  )\n  .then(() =>\n    indexedSteps.forEach((step) =>\n      stepTest.call(this, state, step, rowData)\n    )\n  )\n  .then(() => state.onFinishScenario(scenario));",
              "err": {},
              "uuid": "970ccd4f-a429-4a05-82a6-7928ec3f303a",
              "parentUUID": "97ea637b-670c-4d46-b2fb-fe641f4f304d",
              "isHook": false,
              "skipped": false
            },
            {
              "title": "Login using invalid credentials",
              "fullTitle": "WebdriverUniversity Login Page Login using invalid credentials",
              "timedOut": null,
              "duration": 1128,
              "state": "passed",
              "speed": "fast",
              "pass": true,
              "fail": false,
              "pending": false,
              "context": null,
              "code": "const state = window.testState;\nreturn cy\n  .then(() => state.onStartScenario(scenario, indexedSteps))\n  .then(() =>\n    resolveAndRunBeforeHooks.call(this, scenario.tags, state.feature.name)\n  )\n  .then(() =>\n    indexedSteps.forEach((step) =>\n      stepTest.call(this, state, step, rowData)\n    )\n  )\n  .then(() => state.onFinishScenario(scenario));",
              "err": {},
              "uuid": "727c6759-7866-4c63-b22e-fae09b95ac70",
              "parentUUID": "97ea637b-670c-4d46-b2fb-fe641f4f304d",
              "isHook": false,
              "skipped": false
            },
            {
              "title": "Test Login via webdriverUniversity Login Portal (example #1)",
              "fullTitle": "WebdriverUniversity Login Page Test Login via webdriverUniversity Login Portal (example #1)",
              "timedOut": null,
              "duration": 1125,
              "state": "passed",
              "speed": "fast",
              "pass": true,
              "fail": false,
              "pending": false,
              "context": null,
              "code": "const state = window.testState;\nreturn cy\n  .then(() => state.onStartScenario(scenario, indexedSteps))\n  .then(() =>\n    resolveAndRunBeforeHooks.call(this, scenario.tags, state.feature.name)\n  )\n  .then(() =>\n    indexedSteps.forEach((step) =>\n      stepTest.call(this, state, step, rowData)\n    )\n  )\n  .then(() => state.onFinishScenario(scenario));",
              "err": {},
              "uuid": "c3e57cfc-b8d4-4e75-938a-edf1963c2e18",
              "parentUUID": "97ea637b-670c-4d46-b2fb-fe641f4f304d",
              "isHook": false,
              "skipped": false
            },
            {
              "title": "Test Login via webdriverUniversity Login Portal (example #2)",
              "fullTitle": "WebdriverUniversity Login Page Test Login via webdriverUniversity Login Portal (example #2)",
              "timedOut": null,
              "duration": 1111,
              "state": "passed",
              "speed": "fast",
              "pass": true,
              "fail": false,
              "pending": false,
              "context": null,
              "code": "const state = window.testState;\nreturn cy\n  .then(() => state.onStartScenario(scenario, indexedSteps))\n  .then(() =>\n    resolveAndRunBeforeHooks.call(this, scenario.tags, state.feature.name)\n  )\n  .then(() =>\n    indexedSteps.forEach((step) =>\n      stepTest.call(this, state, step, rowData)\n    )\n  )\n  .then(() => state.onFinishScenario(scenario));",
              "err": {},
              "uuid": "ffc40c7f-9879-4629-b84a-cd0e5fe0faf0",
              "parentUUID": "97ea637b-670c-4d46-b2fb-fe641f4f304d",
              "isHook": false,
              "skipped": false
            }
          ],
          "suites": [],
          "passes": [
            "970ccd4f-a429-4a05-82a6-7928ec3f303a",
            "727c6759-7866-4c63-b22e-fae09b95ac70",
            "c3e57cfc-b8d4-4e75-938a-edf1963c2e18",
            "ffc40c7f-9879-4629-b84a-cd0e5fe0faf0"
          ],
          "failures": [],
          "pending": [],
          "skipped": [],
          "duration": 7350,
          "root": false,
          "rootEmpty": false,
          "_timeout": 2000
        }
      ],
      "passes": [],
      "failures": [],
      "pending": [],
      "skipped": [],
      "duration": 0,
      "root": true,
      "rootEmpty": true,
      "_timeout": 2000
    }
  ],
  "meta": {
    "mocha": {
      "version": "7.0.1"
    },
    "mochawesome": {
      "options": {
        "quiet": false,
        "reportFilename": "mochawesome",
        "saveHtml": false,
        "saveJson": true,
        "consoleReporter": "spec",
        "useInlineDiffs": false,
        "code": true
      },
      "version": "7.1.3"
    },
    "marge": {
      "options": {
        "id": "default",
        "reportDir": "cypress/results/mochawesome",
        "quite": true,
        "overwrite": false,
        "html": false,
        "json": true
      },
      "version": "6.2.0"
    }
  }
}